# JRE version: OpenJDK Runtime Environment (8.0_25-b18) (build 1.8.0_25-b18)
# Java VM: OpenJDK 64-Bit Server VM (25.25-b02 mixed mode linux-amd64 compressed oops)
Heap:
 PSYoungGen      total 133120K, used 125952K [0x00000000eab00000, 0x00000000f3500000, 0x0000000100000000)
  eden space 125952K, 100% used [0x00000000eab00000,0x00000000f2600000,0x00000000f2600000)
  from space 7168K, 0% used [0x00000000f2e00000,0x00000000f2e00000,0x00000000f3500000)
  to   space 7680K, 99% used [0x00000000f2600000,0x00000000f2d78010,0x00000000f2d80000)
 ParOldGen       total 36864K, used 12555K [0x00000000c0000000, 0x00000000c2400000, 0x00000000eab00000)
  object space 36864K, 34% used [0x00000000c0000000,0x00000000c0c46f00,0x00000000c2400000)
 Metaspace       used 30162K, capacity 30962K, committed 31104K, reserved 1077248K
  class space    used 3845K, capacity 4167K, committed 4224K, reserved 1048576K
GC Heap History (10 events):
Event: 13,614 GC heap after
Heap after GC invocations=5 (full 0):
 PSYoungGen      total 34304K, used 2544K [0x00000000eab00000, 0x00000000ef800000, 0x0000000100000000)
  eden space 31744K, 0% used [0x00000000eab00000,0x00000000eab00000,0x00000000eca00000)
  from space 2560K, 99% used [0x00000000eca00000,0x00000000ecc7c010,0x00000000ecc80000)
  to   space 7680K, 0% used [0x00000000ef080000,0x00000000ef080000,0x00000000ef800000)
 ParOldGen       total 42496K, used 9180K [0x00000000c0000000, 0x00000000c2980000, 0x00000000eab00000)
  object space 42496K, 21% used [0x00000000c0000000,0x00000000c08f7018,0x00000000c2980000)
 Metaspace       used 16894K, capacity 17258K, committed 17536K, reserved 1064960K
  class space    used 2282K, capacity 2397K, committed 2432K, reserved 1048576K
}
Event: 16,068 GC heap before
{Heap before GC invocations=6 (full 0):
 PSYoungGen      total 34304K, used 34288K [0x00000000eab00000, 0x00000000ef800000, 0x0000000100000000)
  eden space 31744K, 100% used [0x00000000eab00000,0x00000000eca00000,0x00000000eca00000)
  from space 2560K, 99% used [0x00000000eca00000,0x00000000ecc7c010,0x00000000ecc80000)
  to   space 7680K, 0% used [0x00000000ef080000,0x00000000ef080000,0x00000000ef800000)
 ParOldGen       total 42496K, used 9180K [0x00000000c0000000, 0x00000000c2980000, 0x00000000eab00000)
  object space 42496K, 21% used [0x00000000c0000000,0x00000000c08f7018,0x00000000c2980000)
 Metaspace       used 20132K, capacity 20514K, committed 20864K, reserved 1067008K
  class space    used 2694K, capacity 2817K, committed 2944K, reserved 1048576K
Event: 16,127 GC heap after
Heap after GC invocations=6 (full 0):
 PSYoungGen      total 70656K, used 6216K [0x00000000eab00000, 0x00000000ef900000, 0x0000000100000000)
  eden space 62976K, 0% used [0x00000000eab00000,0x00000000eab00000,0x00000000ee880000)
  from space 7680K, 80% used [0x00000000ef080000,0x00000000ef692060,0x00000000ef800000)
  to   space 8192K, 0% used [0x00000000ee880000,0x00000000ee880000,0x00000000ef080000)
 ParOldGen       total 42496K, used 9180K [0x00000000c0000000, 0x00000000c2980000, 0x00000000eab00000)
  object space 42496K, 21% used [0x00000000c0000000,0x00000000c08f7018,0x00000000c2980000)
 Metaspace       used 20132K, capacity 20514K, committed 20864K, reserved 1067008K
  class space    used 2694K, capacity 2817K, committed 2944K, reserved 1048576K
}
Event: 17,764 GC heap before
{Heap before GC invocations=7 (full 0):
 PSYoungGen      total 70656K, used 69192K [0x00000000eab00000, 0x00000000ef900000, 0x0000000100000000)
  eden space 62976K, 100% used [0x00000000eab00000,0x00000000ee880000,0x00000000ee880000)
  from space 7680K, 80% used [0x00000000ef080000,0x00000000ef692060,0x00000000ef800000)
  to   space 8192K, 0% used [0x00000000ee880000,0x00000000ee880000,0x00000000ef080000)
 ParOldGen       total 42496K, used 9180K [0x00000000c0000000, 0x00000000c2980000, 0x00000000eab00000)
  object space 42496K, 21% used [0x00000000c0000000,0x00000000c08f7018,0x00000000c2980000)
 Metaspace       used 20237K, capacity 20578K, committed 20864K, reserved 1067008K
  class space    used 2694K, capacity 2817K, committed 2944K, reserved 1048576K
Event: 17,795 GC heap after
Heap after GC invocations=7 (full 0):
 PSYoungGen      total 71168K, used 3588K [0x00000000eab00000, 0x00000000f3600000, 0x0000000100000000)
  eden space 62976K, 0% used [0x00000000eab00000,0x00000000eab00000,0x00000000ee880000)
  from space 8192K, 43% used [0x00000000ee880000,0x00000000eec01120,0x00000000ef080000)
  to   space 8192K, 0% used [0x00000000f2e00000,0x00000000f2e00000,0x00000000f3600000)
 ParOldGen       total 42496K, used 9876K [0x00000000c0000000, 0x00000000c2980000, 0x00000000eab00000)
  object space 42496K, 23% used [0x00000000c0000000,0x00000000c09a5058,0x00000000c2980000)
 Metaspace       used 20237K, capacity 20578K, committed 20864K, reserved 1067008K
  class space    used 2694K, capacity 2817K, committed 2944K, reserved 1048576K
}
Event: 19,155 GC heap before
{Heap before GC invocations=8 (full 0):
 PSYoungGen      total 71168K, used 60697K [0x00000000eab00000, 0x00000000f3600000, 0x0000000100000000)
  eden space 62976K, 90% used [0x00000000eab00000,0x00000000ee2c5438,0x00000000ee880000)
  from space 8192K, 43% used [0x00000000ee880000,0x00000000eec01120,0x00000000ef080000)
  to   space 8192K, 0% used [0x00000000f2e00000,0x00000000f2e00000,0x00000000f3600000)
 ParOldGen       total 42496K, used 9876K [0x00000000c0000000, 0x00000000c2980000, 0x00000000eab00000)
  object space 42496K, 23% used [0x00000000c0000000,0x00000000c09a5058,0x00000000c2980000)
 Metaspace       used 20769K, capacity 21122K, committed 21296K, reserved 1067008K
  class space    used 2739K, capacity 2849K, committed 2944K, reserved 1048576K
Event: 19,187 GC heap after
Heap after GC invocations=8 (full 0):
 PSYoungGen      total 133120K, used 3857K [0x00000000eab00000, 0x00000000f3500000, 0x0000000100000000)
  eden space 125952K, 0% used [0x00000000eab00000,0x00000000eab00000,0x00000000f2600000)
  from space 7168K, 53% used [0x00000000f2e00000,0x00000000f31c4530,0x00000000f3500000)
  to   space 7680K, 0% used [0x00000000f2600000,0x00000000f2600000,0x00000000f2d80000)
 ParOldGen       total 42496K, used 10644K [0x00000000c0000000, 0x00000000c2980000, 0x00000000eab00000)
  object space 42496K, 25% used [0x00000000c0000000,0x00000000c0a650d8,0x00000000c2980000)
 Metaspace       used 20769K, capacity 21122K, committed 21296K, reserved 1067008K
  class space    used 2739K, capacity 2849K, committed 2944K, reserved 1048576K
}
Event: 19,187 GC heap before
{Heap before GC invocations=9 (full 1):
 PSYoungGen      total 133120K, used 3857K [0x00000000eab00000, 0x00000000f3500000, 0x0000000100000000)
  eden space 125952K, 0% used [0x00000000eab00000,0x00000000eab00000,0x00000000f2600000)
  from space 7168K, 53% used [0x00000000f2e00000,0x00000000f31c4530,0x00000000f3500000)
  to   space 7680K, 0% used [0x00000000f2600000,0x00000000f2600000,0x00000000f2d80000)
 ParOldGen       total 42496K, used 10644K [0x00000000c0000000, 0x00000000c2980000, 0x00000000eab00000)
  object space 42496K, 25% used [0x00000000c0000000,0x00000000c0a650d8,0x00000000c2980000)
 Metaspace       used 20769K, capacity 21122K, committed 21296K, reserved 1067008K
  class space    used 2739K, capacity 2849K, committed 2944K, reserved 1048576K
Event: 19,355 GC heap after
Heap after GC invocations=9 (full 1):
 PSYoungGen      total 133120K, used 0K [0x00000000eab00000, 0x00000000f3500000, 0x0000000100000000)
  eden space 125952K, 0% used [0x00000000eab00000,0x00000000eab00000,0x00000000f2600000)
  from space 7168K, 0% used [0x00000000f2e00000,0x00000000f2e00000,0x00000000f3500000)
  to   space 7680K, 0% used [0x00000000f2600000,0x00000000f2600000,0x00000000f2d80000)
 ParOldGen       total 36864K, used 10932K [0x00000000c0000000, 0x00000000c2400000, 0x00000000eab00000)
  object space 36864K, 29% used [0x00000000c0000000,0x00000000c0aad240,0x00000000c2400000)
 Metaspace       used 20769K, capacity 21122K, committed 21296K, reserved 1067008K
  class space    used 2739K, capacity 2849K, committed 2944K, reserved 1048576K
}
Event: 27,444 GC heap before
{Heap before GC invocations=10 (full 1):
 PSYoungGen      total 133120K, used 125952K [0x00000000eab00000, 0x00000000f3500000, 0x0000000100000000)
  eden space 125952K, 100% used [0x00000000eab00000,0x00000000f2600000,0x00000000f2600000)
  from space 7168K, 0% used [0x00000000f2e00000,0x00000000f2e00000,0x00000000f3500000)
  to   space 7680K, 0% used [0x00000000f2600000,0x00000000f2600000,0x00000000f2d80000)
 ParOldGen       total 36864K, used 10932K [0x00000000c0000000, 0x00000000c2400000, 0x00000000eab00000)
  object space 36864K, 29% used [0x00000000c0000000,0x00000000c0aad240,0x00000000c2400000)
 Metaspace       used 30162K, capacity 30962K, committed 31104K, reserved 1077248K
  class space    used 3845K, capacity 4167K, committed 4224K, reserved 1048576K

